C51 COMPILER V9.53.0.0   SOURCE                                                            06/23/2015 19:07:24 PAGE 1   


C51 COMPILER V9.53.0.0, COMPILATION OF MODULE SOURCE
OBJECT MODULE PLACED IN source.OBJ
COMPILER INVOKED BY: C:\Keil_v5\C51\BIN\C51.EXE source.c OPTIMIZE(8,SPEED) BROWSE DEBUG OBJECTEXTEND TABS(2)

line level    source

   1          #include "header.h"
   2          
   3          
   4          void semaforo(void)
   5          {
   6   1       
   7   1        GREEN = 1;
   8   1        RED = 0; 
   9   1        YELLOW = 0;
  10   1        BOTAO = 0; 
  11   1      }
  12          
  13          void delay(unsigned char x)
  14          {
  15   1       
  16   1        for(int i=0; i< x; i++) 
*** ERROR C141 IN LINE 16 OF source.c: syntax error near 'int'
*** ERROR C202 IN LINE 16 OF source.c: 'i': undefined identifier
*** ERROR C202 IN LINE 16 OF source.c: 'i': undefined identifier
*** ERROR C202 IN LINE 16 OF source.c: 'i': undefined identifier
*** ERROR C141 IN LINE 16 OF source.c: syntax error near ')'
  17   1          for(int j=0; j<x; j++);
*** ERROR C141 IN LINE 17 OF source.c: syntax error near 'int'
*** ERROR C202 IN LINE 17 OF source.c: 'j': undefined identifier
*** ERROR C202 IN LINE 17 OF source.c: 'j': undefined identifier
*** ERROR C141 IN LINE 17 OF source.c: syntax error near ')'
  18   1        
  19   1      }
  20          
  21          void conf_Timer0()
  22          {
  23   1        TMOD=1; //timer 0 no modo 1 16 bits  
  24   1        TR0=0; //pausa timer para recarregar (Timer Stop)
  25   1        TH0=0x3C; //recarrega o timer com o valor
  26   1        TL0=0xAF; //15.535
  27   1        TR0=1; //ativa timer para contar (Timer RUN)
  28   1        EA=1; // activa todas interrupções
  29   1        ET0=1;  // activa interrupção do timer 0
  30   1         
  31   1      }
  32          
  33          void isr_Timer0(void) interrupt 1{
  34   1        
  35   1         if(contador<600) contador++;   
  36   1           if(GREEN == 1 && BOTAO == 1)   
  37   1           else{ //se passou 50ms x600= 30 segundos
*** ERROR C141 IN LINE 37 OF source.c: syntax error near 'else'
  38   2          GREEN = ~GREEN;
  39   2          YELLOW = ~YELLOW;
  40   2          delay(N);
  41   2          YELLOW = ~YELLOW;
  42   2          RED = ~RED;
  43   2          contador=0; //prepara p/recomeçar contagem de 1seg. 
  44   2      }  
  45   1      }
C51 COMPILER V9.53.0.0   SOURCE                                                            06/23/2015 19:07:24 PAGE 2   

  46          
  47          
  48          
  49          
  50          
  51          void main()
  52          {
  53   1        
  54   1        semaforo();
  55   1        conf_Timer0();
  56   1        delay(N);
  57   1         
  58   1        while(1) {
  59   2      
  60   2          
  61   2      }
  62   1      
  63   1      }

C51 COMPILATION COMPLETE.  0 WARNING(S),  10 ERROR(S)
